\BOOKMARK [0][-]{chapter.1}{\376\377\000N\000a\000m\000e\000s\000p\000a\000c\000e\000\040\000I\000n\000d\000e\000x}{}% 1
\BOOKMARK [1][-]{section.1.1}{\376\377\000N\000a\000m\000e\000s\000p\000a\000c\000e\000\040\000L\000i\000s\000t}{chapter.1}% 2
\BOOKMARK [0][-]{chapter.2}{\376\377\000C\000l\000a\000s\000s\000\040\000I\000n\000d\000e\000x}{}% 3
\BOOKMARK [1][-]{section.2.1}{\376\377\000C\000l\000a\000s\000s\000\040\000H\000i\000e\000r\000a\000r\000c\000h\000y}{chapter.2}% 4
\BOOKMARK [0][-]{chapter.3}{\376\377\000C\000l\000a\000s\000s\000\040\000I\000n\000d\000e\000x}{}% 5
\BOOKMARK [1][-]{section.3.1}{\376\377\000C\000l\000a\000s\000s\000\040\000L\000i\000s\000t}{chapter.3}% 6
\BOOKMARK [0][-]{chapter.4}{\376\377\000F\000i\000l\000e\000\040\000I\000n\000d\000e\000x}{}% 7
\BOOKMARK [1][-]{section.4.1}{\376\377\000F\000i\000l\000e\000\040\000L\000i\000s\000t}{chapter.4}% 8
\BOOKMARK [0][-]{chapter.5}{\376\377\000N\000a\000m\000e\000s\000p\000a\000c\000e\000\040\000D\000o\000c\000u\000m\000e\000n\000t\000a\000t\000i\000o\000n}{}% 9
\BOOKMARK [1][-]{section.5.1}{\376\377\000c\000P\000W\000M\000\040\000N\000a\000m\000e\000s\000p\000a\000c\000e\000\040\000R\000e\000f\000e\000r\000e\000n\000c\000e}{chapter.5}% 10
\BOOKMARK [2][-]{subsection.5.1.1}{\376\377\000D\000e\000t\000a\000i\000l\000e\000d\000\040\000D\000e\000s\000c\000r\000i\000p\000t\000i\000o\000n}{section.5.1}% 11
\BOOKMARK [1][-]{section.5.2}{\376\377\000s\000e\000t\000P\000W\000M\000R\000e\000g\000\040\000N\000a\000m\000e\000s\000p\000a\000c\000e\000\040\000R\000e\000f\000e\000r\000e\000n\000c\000e}{chapter.5}% 12
\BOOKMARK [2][-]{subsection.5.2.1}{\376\377\000V\000a\000r\000i\000a\000b\000l\000e\000\040\000D\000o\000c\000u\000m\000e\000n\000t\000a\000t\000i\000o\000n}{section.5.2}% 13
\BOOKMARK [3][-]{subsubsection.5.2.1.1}{\376\377\000C\000M\000\137\000P\000E\000R\000\137\000B\000A\000S\000E}{subsection.5.2.1}% 14
\BOOKMARK [3][-]{subsubsection.5.2.1.2}{\376\377\000C\000M\000\137\000P\000E\000R\000\137\000E\000P\000W\000M\000S\000S\0000\000\137\000C\000L\000K\000C\000T\000R\000L}{subsection.5.2.1}% 15
\BOOKMARK [3][-]{subsubsection.5.2.1.3}{\376\377\000C\000M\000\137\000P\000E\000R\000\137\000E\000P\000W\000M\000S\000S\0001\000\137\000C\000L\000K\000C\000T\000R\000L}{subsection.5.2.1}% 16
\BOOKMARK [3][-]{subsubsection.5.2.1.4}{\376\377\000C\000M\000\137\000P\000E\000R\000\137\000E\000P\000W\000M\000S\000S\0002\000\137\000C\000L\000K\000C\000T\000R\000L}{subsection.5.2.1}% 17
\BOOKMARK [3][-]{subsubsection.5.2.1.5}{\376\377\000m\000e\000m}{subsection.5.2.1}% 18
\BOOKMARK [3][-]{subsubsection.5.2.1.6}{\376\377\000M\000M\000A\000P\000\137\000O\000F\000F\000S\000E\000T}{subsection.5.2.1}% 19
\BOOKMARK [3][-]{subsubsection.5.2.1.7}{\376\377\000M\000M\000A\000P\000\137\000S\000I\000Z\000E}{subsection.5.2.1}% 20
\BOOKMARK [3][-]{subsubsection.5.2.1.8}{\376\377\000v\000a\000l}{subsection.5.2.1}% 21
\BOOKMARK [1][-]{section.5.3}{\376\377\000U\000S\000U\000\040\000N\000a\000m\000e\000s\000p\000a\000c\000e\000\040\000R\000e\000f\000e\000r\000e\000n\000c\000e}{chapter.5}% 22
\BOOKMARK [2][-]{subsection.5.3.1}{\376\377\000D\000e\000t\000a\000i\000l\000e\000d\000\040\000D\000e\000s\000c\000r\000i\000p\000t\000i\000o\000n}{section.5.3}% 23
\BOOKMARK [0][-]{chapter.6}{\376\377\000C\000l\000a\000s\000s\000\040\000D\000o\000c\000u\000m\000e\000n\000t\000a\000t\000i\000o\000n}{}% 24
\BOOKMARK [1][-]{section.6.1}{\376\377\000B\000e\000a\000g\000l\000e\000\137\000G\000P\000I\000O\000\040\000C\000l\000a\000s\000s\000\040\000R\000e\000f\000e\000r\000e\000n\000c\000e}{chapter.6}% 25
\BOOKMARK [2][-]{subsection.6.1.1}{\376\377\000D\000e\000t\000a\000i\000l\000e\000d\000\040\000D\000e\000s\000c\000r\000i\000p\000t\000i\000o\000n}{section.6.1}% 26
\BOOKMARK [2][-]{subsection.6.1.2}{\376\377\000M\000e\000m\000b\000e\000r\000\040\000E\000n\000u\000m\000e\000r\000a\000t\000i\000o\000n\000\040\000D\000o\000c\000u\000m\000e\000n\000t\000a\000t\000i\000o\000n}{section.6.1}% 27
\BOOKMARK [3][-]{subsubsection.6.1.2.1}{\376\377\000a\000n\000o\000n\000y\000m\000o\000u\000s\000\040\000e\000n\000u\000m}{subsection.6.1.2}% 28
\BOOKMARK [3][-]{subsubsection.6.1.2.2}{\376\377\000a\000n\000o\000n\000y\000m\000o\000u\000s\000\040\000e\000n\000u\000m}{subsection.6.1.2}% 29
\BOOKMARK [3][-]{subsubsection.6.1.2.3}{\376\377\000B\000e\000a\000g\000l\000e\000\137\000G\000P\000I\000O\000\137\000D\000i\000r\000e\000c\000t\000i\000o\000n}{subsection.6.1.2}% 30
\BOOKMARK [3][-]{subsubsection.6.1.2.4}{\376\377\000B\000e\000a\000g\000l\000e\000\137\000G\000P\000I\000O\000\137\000S\000t\000a\000t\000u\000s}{subsection.6.1.2}% 31
\BOOKMARK [2][-]{subsection.6.1.3}{\376\377\000C\000o\000n\000s\000t\000r\000u\000c\000t\000o\000r\000\040\000\046\000\040\000D\000e\000s\000t\000r\000u\000c\000t\000o\000r\000\040\000D\000o\000c\000u\000m\000e\000n\000t\000a\000t\000i\000o\000n}{section.6.1}% 32
\BOOKMARK [3][-]{subsubsection.6.1.3.1}{\376\377\000B\000e\000a\000g\000l\000e\000\137\000G\000P\000I\000O}{subsection.6.1.3}% 33
\BOOKMARK [3][-]{subsubsection.6.1.3.2}{\376\377\000B\000e\000a\000g\000l\000e\000\137\000G\000P\000I\000O}{subsection.6.1.3}% 34
\BOOKMARK [2][-]{subsection.6.1.4}{\376\377\000M\000e\000m\000b\000e\000r\000\040\000F\000u\000n\000c\000t\000i\000o\000n\000\040\000D\000o\000c\000u\000m\000e\000n\000t\000a\000t\000i\000o\000n}{section.6.1}% 35
\BOOKMARK [3][-]{subsubsection.6.1.4.1}{\376\377\000c\000l\000o\000s\000e\000S\000P\000I}{subsection.6.1.4}% 36
\BOOKMARK [3][-]{subsubsection.6.1.4.2}{\376\377\000c\000o\000n\000f\000i\000g\000u\000r\000e\000P\000i\000n}{subsection.6.1.4}% 37
\BOOKMARK [3][-]{subsubsection.6.1.4.3}{\376\377\000e\000n\000a\000b\000l\000e\000P\000i\000n\000I\000n\000t\000e\000r\000r\000u\000p\000t\000s}{subsection.6.1.4}% 38
\BOOKMARK [3][-]{subsubsection.6.1.4.4}{\376\377\000i\000s\000A\000c\000t\000i\000v\000e}{subsection.6.1.4}% 39
\BOOKMARK [3][-]{subsubsection.6.1.4.5}{\376\377\000o\000p\000e\000n\000S\000P\000I}{subsection.6.1.4}% 40
\BOOKMARK [3][-]{subsubsection.6.1.4.6}{\376\377\000r\000e\000a\000d\000P\000i\000n}{subsection.6.1.4}% 41
\BOOKMARK [3][-]{subsubsection.6.1.4.7}{\376\377\000s\000e\000n\000d\000S\000P\000I\000B\000u\000f\000f\000e\000r}{subsection.6.1.4}% 42
\BOOKMARK [3][-]{subsubsection.6.1.4.8}{\376\377\000w\000r\000i\000t\000e\000P\000i\000n}{subsection.6.1.4}% 43
\BOOKMARK [2][-]{subsection.6.1.5}{\376\377\000M\000e\000m\000b\000e\000r\000\040\000D\000a\000t\000a\000\040\000D\000o\000c\000u\000m\000e\000n\000t\000a\000t\000i\000o\000n}{section.6.1}% 44
\BOOKMARK [3][-]{subsubsection.6.1.5.1}{\376\377\000B\000e\000a\000g\000l\000e\000\137\000G\000P\000I\000O\000\137\000R\000e\000g\000i\000s\000t\000e\000r\000s}{subsection.6.1.5}% 45
\BOOKMARK [3][-]{subsubsection.6.1.5.2}{\376\377\000G\000P\000I\000O\000\137\000B\000a\000s\000e}{subsection.6.1.5}% 46
\BOOKMARK [3][-]{subsubsection.6.1.5.3}{\376\377\000G\000P\000I\000O\000\137\000C\000o\000n\000t\000r\000o\000l\000\137\000M\000o\000d\000u\000l\000e\000\137\000R\000e\000g\000i\000s\000t\000e\000r\000s}{subsection.6.1.5}% 47
\BOOKMARK [3][-]{subsubsection.6.1.5.4}{\376\377\000G\000P\000I\000O\000\137\000P\000a\000d\000\137\000C\000o\000n\000t\000r\000o\000l}{subsection.6.1.5}% 48
\BOOKMARK [3][-]{subsubsection.6.1.5.5}{\376\377\000G\000P\000I\000O\000\137\000P\000i\000n\000\137\000B\000a\000n\000k}{subsection.6.1.5}% 49
\BOOKMARK [3][-]{subsubsection.6.1.5.6}{\376\377\000G\000P\000I\000O\000\137\000P\000i\000n\000\137\000I\000d}{subsection.6.1.5}% 50
\BOOKMARK [3][-]{subsubsection.6.1.5.7}{\376\377\000G\000P\000I\000O\000\137\000P\000i\000n\000s}{subsection.6.1.5}% 51
\BOOKMARK [1][-]{section.6.2}{\376\377\000c\000P\000W\000M\000:\000:\000c\000P\000W\000M\000\040\000C\000l\000a\000s\000s\000\040\000R\000e\000f\000e\000r\000e\000n\000c\000e}{chapter.6}% 52
\BOOKMARK [2][-]{subsection.6.2.1}{\376\377\000D\000e\000t\000a\000i\000l\000e\000d\000\040\000D\000e\000s\000c\000r\000i\000p\000t\000i\000o\000n}{section.6.2}% 53
\BOOKMARK [2][-]{subsection.6.2.2}{\376\377\000M\000e\000m\000b\000e\000r\000\040\000E\000n\000u\000m\000e\000r\000a\000t\000i\000o\000n\000\040\000D\000o\000c\000u\000m\000e\000n\000t\000a\000t\000i\000o\000n}{section.6.2}% 54
\BOOKMARK [3][-]{subsubsection.6.2.2.1}{\376\377\000P\000o\000l\000a\000r\000i\000t\000y}{subsection.6.2.2}% 55
\BOOKMARK [2][-]{subsection.6.2.3}{\376\377\000C\000o\000n\000s\000t\000r\000u\000c\000t\000o\000r\000\040\000\046\000\040\000D\000e\000s\000t\000r\000u\000c\000t\000o\000r\000\040\000D\000o\000c\000u\000m\000e\000n\000t\000a\000t\000i\000o\000n}{section.6.2}% 56
\BOOKMARK [3][-]{subsubsection.6.2.3.1}{\376\377\000c\000P\000W\000M}{subsection.6.2.3}% 57
\BOOKMARK [3][-]{subsubsection.6.2.3.2}{\376\377\000c\000P\000W\000M}{subsection.6.2.3}% 58
\BOOKMARK [2][-]{subsection.6.2.4}{\376\377\000M\000e\000m\000b\000e\000r\000\040\000F\000u\000n\000c\000t\000i\000o\000n\000\040\000D\000o\000c\000u\000m\000e\000n\000t\000a\000t\000i\000o\000n}{section.6.2}% 59
\BOOKMARK [3][-]{subsubsection.6.2.4.1}{\376\377\000D\000u\000t\000y\000A\000\137\000n\000s}{subsection.6.2.4}% 60
\BOOKMARK [3][-]{subsubsection.6.2.4.2}{\376\377\000D\000u\000t\000y\000A\000\137\000p\000e\000r\000c\000e\000n\000t}{subsection.6.2.4}% 61
\BOOKMARK [3][-]{subsubsection.6.2.4.3}{\376\377\000D\000u\000t\000y\000B\000\137\000n\000s}{subsection.6.2.4}% 62
\BOOKMARK [3][-]{subsubsection.6.2.4.4}{\376\377\000D\000u\000t\000y\000B\000\137\000p\000e\000r\000c\000e\000n\000t}{subsection.6.2.4}% 63
\BOOKMARK [3][-]{subsubsection.6.2.4.5}{\376\377\000P\000e\000r\000i\000o\000d\000\137\000f\000r\000e\000q}{subsection.6.2.4}% 64
\BOOKMARK [3][-]{subsubsection.6.2.4.6}{\376\377\000P\000e\000r\000i\000o\000d\000\137\000n\000s}{subsection.6.2.4}% 65
\BOOKMARK [3][-]{subsubsection.6.2.4.7}{\376\377\000P\000o\000l\000a\000r\000i\000t\000y\000A}{subsection.6.2.4}% 66
\BOOKMARK [3][-]{subsubsection.6.2.4.8}{\376\377\000P\000o\000l\000a\000r\000i\000t\000y\000B}{subsection.6.2.4}% 67
\BOOKMARK [3][-]{subsubsection.6.2.4.9}{\376\377\000R\000u\000n\000A}{subsection.6.2.4}% 68
\BOOKMARK [3][-]{subsubsection.6.2.4.10}{\376\377\000R\000u\000n\000B}{subsection.6.2.4}% 69
\BOOKMARK [3][-]{subsubsection.6.2.4.11}{\376\377\000S\000t\000o\000p\000A}{subsection.6.2.4}% 70
\BOOKMARK [3][-]{subsubsection.6.2.4.12}{\376\377\000S\000t\000o\000p\000B}{subsection.6.2.4}% 71
\BOOKMARK [1][-]{section.6.3}{\376\377\000I\0002\000C\000B\000u\000s\000\040\000C\000l\000a\000s\000s\000\040\000R\000e\000f\000e\000r\000e\000n\000c\000e}{chapter.6}% 72
\BOOKMARK [2][-]{subsection.6.3.1}{\376\377\000D\000e\000t\000a\000i\000l\000e\000d\000\040\000D\000e\000s\000c\000r\000i\000p\000t\000i\000o\000n}{section.6.3}% 73
\BOOKMARK [2][-]{subsection.6.3.2}{\376\377\000C\000o\000n\000s\000t\000r\000u\000c\000t\000o\000r\000\040\000\046\000\040\000D\000e\000s\000t\000r\000u\000c\000t\000o\000r\000\040\000D\000o\000c\000u\000m\000e\000n\000t\000a\000t\000i\000o\000n}{section.6.3}% 74
\BOOKMARK [3][-]{subsubsection.6.3.2.1}{\376\377\000I\0002\000C\000B\000u\000s}{subsection.6.3.2}% 75
\BOOKMARK [3][-]{subsubsection.6.3.2.2}{\376\377\000I\0002\000C\000B\000u\000s}{subsection.6.3.2}% 76
\BOOKMARK [2][-]{subsection.6.3.3}{\376\377\000M\000e\000m\000b\000e\000r\000\040\000F\000u\000n\000c\000t\000i\000o\000n\000\040\000D\000o\000c\000u\000m\000e\000n\000t\000a\000t\000i\000o\000n}{section.6.3}% 77
\BOOKMARK [3][-]{subsubsection.6.3.3.1}{\376\377\000a\000d\000d\000r\000e\000s\000s\000S\000e\000t}{subsection.6.3.3}% 78
\BOOKMARK [3][-]{subsubsection.6.3.3.2}{\376\377\000r\000e\000a\000d\000B\000l\000o\000c\000k}{subsection.6.3.3}% 79
\BOOKMARK [3][-]{subsubsection.6.3.3.3}{\376\377\000r\000e\000a\000d\000B\000y\000t\000e}{subsection.6.3.3}% 80
\BOOKMARK [3][-]{subsubsection.6.3.3.4}{\376\377\000t\000r\000y\000R\000e\000a\000d\000B\000y\000t\000e}{subsection.6.3.3}% 81
\BOOKMARK [3][-]{subsubsection.6.3.3.5}{\376\377\000w\000r\000i\000t\000e\000B\000y\000t\000e}{subsection.6.3.3}% 82
\BOOKMARK [1][-]{section.6.4}{\376\377\000I\000M\000U\000\040\000C\000l\000a\000s\000s\000\040\000R\000e\000f\000e\000r\000e\000n\000c\000e}{chapter.6}% 83
\BOOKMARK [2][-]{subsection.6.4.1}{\376\377\000D\000e\000t\000a\000i\000l\000e\000d\000\040\000D\000e\000s\000c\000r\000i\000p\000t\000i\000o\000n}{section.6.4}% 84
\BOOKMARK [2][-]{subsection.6.4.2}{\376\377\000M\000e\000m\000b\000e\000r\000\040\000F\000u\000n\000c\000t\000i\000o\000n\000\040\000D\000o\000c\000u\000m\000e\000n\000t\000a\000t\000i\000o\000n}{section.6.4}% 85
\BOOKMARK [3][-]{subsubsection.6.4.2.1}{\376\377\000e\000n\000a\000b\000l\000e}{subsection.6.4.2}% 86
\BOOKMARK [3][-]{subsubsection.6.4.2.2}{\376\377\000r\000e\000a\000d}{subsection.6.4.2}% 87
\BOOKMARK [3][-]{subsubsection.6.4.2.3}{\376\377\000r\000e\000a\000d\000A\000c\000c}{subsection.6.4.2}% 88
\BOOKMARK [3][-]{subsubsection.6.4.2.4}{\376\377\000r\000e\000a\000d\000G\000y\000r\000o}{subsection.6.4.2}% 89
\BOOKMARK [3][-]{subsubsection.6.4.2.5}{\376\377\000r\000e\000a\000d\000M\000a\000g}{subsection.6.4.2}% 90
\BOOKMARK [2][-]{subsection.6.4.3}{\376\377\000M\000e\000m\000b\000e\000r\000\040\000D\000a\000t\000a\000\040\000D\000o\000c\000u\000m\000e\000n\000t\000a\000t\000i\000o\000n}{section.6.4}% 91
\BOOKMARK [3][-]{subsubsection.6.4.3.1}{\376\377\000r\000a\000w\000\137\000a}{subsection.6.4.3}% 92
\BOOKMARK [3][-]{subsubsection.6.4.3.2}{\376\377\000r\000a\000w\000\137\000g}{subsection.6.4.3}% 93
\BOOKMARK [3][-]{subsubsection.6.4.3.3}{\376\377\000r\000a\000w\000\137\000m}{subsection.6.4.3}% 94
\BOOKMARK [1][-]{section.6.5}{\376\377\000U\000S\000U\000:\000:\000K\000a\000l\000m\000a\000n\000F\000i\000l\000t\000e\000r\000\040\000C\000l\000a\000s\000s\000\040\000R\000e\000f\000e\000r\000e\000n\000c\000e}{chapter.6}% 95
\BOOKMARK [2][-]{subsection.6.5.1}{\376\377\000D\000e\000t\000a\000i\000l\000e\000d\000\040\000D\000e\000s\000c\000r\000i\000p\000t\000i\000o\000n}{section.6.5}% 96
\BOOKMARK [2][-]{subsection.6.5.2}{\376\377\000C\000o\000n\000s\000t\000r\000u\000c\000t\000o\000r\000\040\000\046\000\040\000D\000e\000s\000t\000r\000u\000c\000t\000o\000r\000\040\000D\000o\000c\000u\000m\000e\000n\000t\000a\000t\000i\000o\000n}{section.6.5}% 97
\BOOKMARK [3][-]{subsubsection.6.5.2.1}{\376\377\000K\000a\000l\000m\000a\000n\000F\000i\000l\000t\000e\000r}{subsection.6.5.2}% 98
\BOOKMARK [2][-]{subsection.6.5.3}{\376\377\000M\000e\000m\000b\000e\000r\000\040\000F\000u\000n\000c\000t\000i\000o\000n\000\040\000D\000o\000c\000u\000m\000e\000n\000t\000a\000t\000i\000o\000n}{section.6.5}% 99
\BOOKMARK [3][-]{subsubsection.6.5.3.1}{\376\377\000g\000e\000t\000S\000t\000a\000t\000e}{subsection.6.5.3}% 100
\BOOKMARK [3][-]{subsubsection.6.5.3.2}{\376\377\000r\000u\000n}{subsection.6.5.3}% 101
\BOOKMARK [3][-]{subsubsection.6.5.3.3}{\376\377\000s\000t\000o\000p}{subsection.6.5.3}% 102
\BOOKMARK [1][-]{section.6.6}{\376\377\000L\0003\000G\000\040\000C\000l\000a\000s\000s\000\040\000R\000e\000f\000e\000r\000e\000n\000c\000e}{chapter.6}% 103
\BOOKMARK [2][-]{subsection.6.6.1}{\376\377\000D\000e\000t\000a\000i\000l\000e\000d\000\040\000D\000e\000s\000c\000r\000i\000p\000t\000i\000o\000n}{section.6.6}% 104
\BOOKMARK [2][-]{subsection.6.6.2}{\376\377\000C\000o\000n\000s\000t\000r\000u\000c\000t\000o\000r\000\040\000\046\000\040\000D\000e\000s\000t\000r\000u\000c\000t\000o\000r\000\040\000D\000o\000c\000u\000m\000e\000n\000t\000a\000t\000i\000o\000n}{section.6.6}% 105
\BOOKMARK [3][-]{subsubsection.6.6.2.1}{\376\377\000L\0003\000G}{subsection.6.6.2}% 106
\BOOKMARK [2][-]{subsection.6.6.3}{\376\377\000M\000e\000m\000b\000e\000r\000\040\000F\000u\000n\000c\000t\000i\000o\000n\000\040\000D\000o\000c\000u\000m\000e\000n\000t\000a\000t\000i\000o\000n}{section.6.6}% 107
\BOOKMARK [3][-]{subsubsection.6.6.3.1}{\376\377\000e\000n\000a\000b\000l\000e}{subsection.6.6.3}% 108
\BOOKMARK [3][-]{subsubsection.6.6.3.2}{\376\377\000r\000e\000a\000d}{subsection.6.6.3}% 109
\BOOKMARK [3][-]{subsubsection.6.6.3.3}{\376\377\000r\000e\000a\000d\000R\000e\000g}{subsection.6.6.3}% 110
\BOOKMARK [3][-]{subsubsection.6.6.3.4}{\376\377\000w\000r\000i\000t\000e\000R\000e\000g}{subsection.6.6.3}% 111
\BOOKMARK [2][-]{subsection.6.6.4}{\376\377\000M\000e\000m\000b\000e\000r\000\040\000D\000a\000t\000a\000\040\000D\000o\000c\000u\000m\000e\000n\000t\000a\000t\000i\000o\000n}{section.6.6}% 112
\BOOKMARK [3][-]{subsubsection.6.6.4.1}{\376\377\000g}{subsection.6.6.4}% 113
\BOOKMARK [1][-]{section.6.7}{\376\377\000U\000S\000U\000:\000:\000L\000o\000c\000k\000\040\000C\000l\000a\000s\000s\000\040\000R\000e\000f\000e\000r\000e\000n\000c\000e}{chapter.6}% 114
\BOOKMARK [2][-]{subsection.6.7.1}{\376\377\000D\000e\000t\000a\000i\000l\000e\000d\000\040\000D\000e\000s\000c\000r\000i\000p\000t\000i\000o\000n}{section.6.7}% 115
\BOOKMARK [2][-]{subsection.6.7.2}{\376\377\000C\000o\000n\000s\000t\000r\000u\000c\000t\000o\000r\000\040\000\046\000\040\000D\000e\000s\000t\000r\000u\000c\000t\000o\000r\000\040\000D\000o\000c\000u\000m\000e\000n\000t\000a\000t\000i\000o\000n}{section.6.7}% 116
\BOOKMARK [3][-]{subsubsection.6.7.2.1}{\376\377\000L\000o\000c\000k}{subsection.6.7.2}% 117
\BOOKMARK [3][-]{subsubsection.6.7.2.2}{\376\377\000L\000o\000c\000k}{subsection.6.7.2}% 118
\BOOKMARK [2][-]{subsection.6.7.3}{\376\377\000M\000e\000m\000b\000e\000r\000\040\000F\000u\000n\000c\000t\000i\000o\000n\000\040\000D\000o\000c\000u\000m\000e\000n\000t\000a\000t\000i\000o\000n}{section.6.7}% 119
\BOOKMARK [3][-]{subsubsection.6.7.3.1}{\376\377\000l\000o\000c\000k}{subsection.6.7.3}% 120
\BOOKMARK [3][-]{subsubsection.6.7.3.2}{\376\377\000u\000n\000l\000o\000c\000k}{subsection.6.7.3}% 121
\BOOKMARK [1][-]{section.6.8}{\376\377\000L\000S\000M\0003\0000\0003\000\040\000C\000l\000a\000s\000s\000\040\000R\000e\000f\000e\000r\000e\000n\000c\000e}{chapter.6}% 122
\BOOKMARK [2][-]{subsection.6.8.1}{\376\377\000D\000e\000t\000a\000i\000l\000e\000d\000\040\000D\000e\000s\000c\000r\000i\000p\000t\000i\000o\000n}{section.6.8}% 123
\BOOKMARK [2][-]{subsection.6.8.2}{\376\377\000C\000o\000n\000s\000t\000r\000u\000c\000t\000o\000r\000\040\000\046\000\040\000D\000e\000s\000t\000r\000u\000c\000t\000o\000r\000\040\000D\000o\000c\000u\000m\000e\000n\000t\000a\000t\000i\000o\000n}{section.6.8}% 124
\BOOKMARK [3][-]{subsubsection.6.8.2.1}{\376\377\000L\000S\000M\0003\0000\0003}{subsection.6.8.2}% 125
\BOOKMARK [2][-]{subsection.6.8.3}{\376\377\000M\000e\000m\000b\000e\000r\000\040\000F\000u\000n\000c\000t\000i\000o\000n\000\040\000D\000o\000c\000u\000m\000e\000n\000t\000a\000t\000i\000o\000n}{section.6.8}% 126
\BOOKMARK [3][-]{subsubsection.6.8.3.1}{\376\377\000e\000n\000a\000b\000l\000e}{subsection.6.8.3}% 127
\BOOKMARK [3][-]{subsubsection.6.8.3.2}{\376\377\000r\000e\000a\000d}{subsection.6.8.3}% 128
\BOOKMARK [3][-]{subsubsection.6.8.3.3}{\376\377\000r\000e\000a\000d\000A\000c\000c}{subsection.6.8.3}% 129
\BOOKMARK [3][-]{subsubsection.6.8.3.4}{\376\377\000r\000e\000a\000d\000A\000c\000c\000R\000e\000g}{subsection.6.8.3}% 130
\BOOKMARK [3][-]{subsubsection.6.8.3.5}{\376\377\000r\000e\000a\000d\000M\000a\000g}{subsection.6.8.3}% 131
\BOOKMARK [3][-]{subsubsection.6.8.3.6}{\376\377\000r\000e\000a\000d\000M\000a\000g\000R\000e\000g}{subsection.6.8.3}% 132
\BOOKMARK [3][-]{subsubsection.6.8.3.7}{\376\377\000w\000r\000i\000t\000e\000A\000c\000c\000R\000e\000g}{subsection.6.8.3}% 133
\BOOKMARK [3][-]{subsubsection.6.8.3.8}{\376\377\000w\000r\000i\000t\000e\000M\000a\000g\000R\000e\000g}{subsection.6.8.3}% 134
\BOOKMARK [2][-]{subsection.6.8.4}{\376\377\000M\000e\000m\000b\000e\000r\000\040\000D\000a\000t\000a\000\040\000D\000o\000c\000u\000m\000e\000n\000t\000a\000t\000i\000o\000n}{section.6.8}% 135
\BOOKMARK [3][-]{subsubsection.6.8.4.1}{\376\377\000a}{subsection.6.8.4}% 136
\BOOKMARK [3][-]{subsubsection.6.8.4.2}{\376\377\000m}{subsection.6.8.4}% 137
\BOOKMARK [1][-]{section.6.9}{\376\377\000M\000i\000n\000I\000m\000u\000\040\000C\000l\000a\000s\000s\000\040\000R\000e\000f\000e\000r\000e\000n\000c\000e}{chapter.6}% 138
\BOOKMARK [2][-]{subsection.6.9.1}{\376\377\000D\000e\000t\000a\000i\000l\000e\000d\000\040\000D\000e\000s\000c\000r\000i\000p\000t\000i\000o\000n}{section.6.9}% 139
\BOOKMARK [2][-]{subsection.6.9.2}{\376\377\000C\000o\000n\000s\000t\000r\000u\000c\000t\000o\000r\000\040\000\046\000\040\000D\000e\000s\000t\000r\000u\000c\000t\000o\000r\000\040\000D\000o\000c\000u\000m\000e\000n\000t\000a\000t\000i\000o\000n}{section.6.9}% 140
\BOOKMARK [3][-]{subsubsection.6.9.2.1}{\376\377\000M\000i\000n\000I\000m\000u}{subsection.6.9.2}% 141
\BOOKMARK [2][-]{subsection.6.9.3}{\376\377\000M\000e\000m\000b\000e\000r\000\040\000F\000u\000n\000c\000t\000i\000o\000n\000\040\000D\000o\000c\000u\000m\000e\000n\000t\000a\000t\000i\000o\000n}{section.6.9}% 142
\BOOKMARK [3][-]{subsubsection.6.9.3.1}{\376\377\000e\000n\000a\000b\000l\000e}{subsection.6.9.3}% 143
\BOOKMARK [3][-]{subsubsection.6.9.3.2}{\376\377\000r\000e\000a\000d\000A\000c\000c}{subsection.6.9.3}% 144
\BOOKMARK [3][-]{subsubsection.6.9.3.3}{\376\377\000r\000e\000a\000d\000G\000y\000r\000o}{subsection.6.9.3}% 145
\BOOKMARK [3][-]{subsubsection.6.9.3.4}{\376\377\000r\000e\000a\000d\000M\000a\000g}{subsection.6.9.3}% 146
\BOOKMARK [2][-]{subsection.6.9.4}{\376\377\000M\000e\000m\000b\000e\000r\000\040\000D\000a\000t\000a\000\040\000D\000o\000c\000u\000m\000e\000n\000t\000a\000t\000i\000o\000n}{section.6.9}% 147
\BOOKMARK [3][-]{subsubsection.6.9.4.1}{\376\377\000c\000o\000m\000p\000a\000s\000s}{subsection.6.9.4}% 148
\BOOKMARK [3][-]{subsubsection.6.9.4.2}{\376\377\000g\000y\000r\000o}{subsection.6.9.4}% 149
\BOOKMARK [1][-]{section.6.10}{\376\377\000U\000S\000U\000:\000:\000M\000o\000t\000o\000r\000\040\000C\000l\000a\000s\000s\000\040\000R\000e\000f\000e\000r\000e\000n\000c\000e}{chapter.6}% 150
\BOOKMARK [2][-]{subsection.6.10.1}{\376\377\000D\000e\000t\000a\000i\000l\000e\000d\000\040\000D\000e\000s\000c\000r\000i\000p\000t\000i\000o\000n}{section.6.10}% 151
\BOOKMARK [2][-]{subsection.6.10.2}{\376\377\000C\000o\000n\000s\000t\000r\000u\000c\000t\000o\000r\000\040\000\046\000\040\000D\000e\000s\000t\000r\000u\000c\000t\000o\000r\000\040\000D\000o\000c\000u\000m\000e\000n\000t\000a\000t\000i\000o\000n}{section.6.10}% 152
\BOOKMARK [3][-]{subsubsection.6.10.2.1}{\376\377\000M\000o\000t\000o\000r}{subsection.6.10.2}% 153
\BOOKMARK [2][-]{subsection.6.10.3}{\376\377\000M\000e\000m\000b\000e\000r\000\040\000F\000u\000n\000c\000t\000i\000o\000n\000\040\000D\000o\000c\000u\000m\000e\000n\000t\000a\000t\000i\000o\000n}{section.6.10}% 154
\BOOKMARK [3][-]{subsubsection.6.10.3.1}{\376\377\000g\000e\000t\000S\000p\000e\000e\000d}{subsection.6.10.3}% 155
\BOOKMARK [3][-]{subsubsection.6.10.3.2}{\376\377\000s\000e\000t\000S\000p\000e\000e\000d}{subsection.6.10.3}% 156
\BOOKMARK [1][-]{section.6.11}{\376\377\000U\000S\000U\000:\000:\000M\000o\000t\000o\000r\000C\000o\000n\000t\000r\000o\000l\000\040\000C\000l\000a\000s\000s\000\040\000R\000e\000f\000e\000r\000e\000n\000c\000e}{chapter.6}% 157
\BOOKMARK [2][-]{subsection.6.11.1}{\376\377\000D\000e\000t\000a\000i\000l\000e\000d\000\040\000D\000e\000s\000c\000r\000i\000p\000t\000i\000o\000n}{section.6.11}% 158
\BOOKMARK [2][-]{subsection.6.11.2}{\376\377\000C\000o\000n\000s\000t\000r\000u\000c\000t\000o\000r\000\040\000\046\000\040\000D\000e\000s\000t\000r\000u\000c\000t\000o\000r\000\040\000D\000o\000c\000u\000m\000e\000n\000t\000a\000t\000i\000o\000n}{section.6.11}% 159
\BOOKMARK [3][-]{subsubsection.6.11.2.1}{\376\377\000M\000o\000t\000o\000r\000C\000o\000n\000t\000r\000o\000l}{subsection.6.11.2}% 160
\BOOKMARK [2][-]{subsection.6.11.3}{\376\377\000M\000e\000m\000b\000e\000r\000\040\000F\000u\000n\000c\000t\000i\000o\000n\000\040\000D\000o\000c\000u\000m\000e\000n\000t\000a\000t\000i\000o\000n}{section.6.11}% 161
\BOOKMARK [3][-]{subsubsection.6.11.3.1}{\376\377\000r\000u\000n}{subsection.6.11.3}% 162
\BOOKMARK [3][-]{subsubsection.6.11.3.2}{\376\377\000s\000t\000o\000p}{subsection.6.11.3}% 163
\BOOKMARK [1][-]{section.6.12}{\376\377\000U\000S\000U\000:\000:\000P\000e\000r\000i\000o\000d\000i\000c\000R\000t\000T\000h\000r\000e\000a\000d\000\040\000C\000l\000a\000s\000s\000\040\000R\000e\000f\000e\000r\000e\000n\000c\000e}{chapter.6}% 164
\BOOKMARK [2][-]{subsection.6.12.1}{\376\377\000D\000e\000t\000a\000i\000l\000e\000d\000\040\000D\000e\000s\000c\000r\000i\000p\000t\000i\000o\000n}{section.6.12}% 165
\BOOKMARK [2][-]{subsection.6.12.2}{\376\377\000C\000o\000n\000s\000t\000r\000u\000c\000t\000o\000r\000\040\000\046\000\040\000D\000e\000s\000t\000r\000u\000c\000t\000o\000r\000\040\000D\000o\000c\000u\000m\000e\000n\000t\000a\000t\000i\000o\000n}{section.6.12}% 166
\BOOKMARK [3][-]{subsubsection.6.12.2.1}{\376\377\000P\000e\000r\000i\000o\000d\000i\000c\000R\000t\000T\000h\000r\000e\000a\000d}{subsection.6.12.2}% 167
\BOOKMARK [2][-]{subsection.6.12.3}{\376\377\000M\000e\000m\000b\000e\000r\000\040\000F\000u\000n\000c\000t\000i\000o\000n\000\040\000D\000o\000c\000u\000m\000e\000n\000t\000a\000t\000i\000o\000n}{section.6.12}% 168
\BOOKMARK [3][-]{subsubsection.6.12.3.1}{\376\377\000m\000a\000k\000e\000T\000h\000r\000e\000a\000d\000P\000e\000r\000i\000o\000d\000i\000c}{subsection.6.12.3}% 169
\BOOKMARK [3][-]{subsubsection.6.12.3.2}{\376\377\000r\000u\000n}{subsection.6.12.3}% 170
\BOOKMARK [3][-]{subsubsection.6.12.3.3}{\376\377\000w\000a\000i\000t\000P\000e\000r\000i\000o\000d}{subsection.6.12.3}% 171
\BOOKMARK [1][-]{section.6.13}{\376\377\000U\000S\000U\000:\000:\000R\000t\000T\000h\000r\000e\000a\000d\000\040\000C\000l\000a\000s\000s\000\040\000R\000e\000f\000e\000r\000e\000n\000c\000e}{chapter.6}% 172
\BOOKMARK [2][-]{subsection.6.13.1}{\376\377\000D\000e\000t\000a\000i\000l\000e\000d\000\040\000D\000e\000s\000c\000r\000i\000p\000t\000i\000o\000n}{section.6.13}% 173
\BOOKMARK [2][-]{subsection.6.13.2}{\376\377\000C\000o\000n\000s\000t\000r\000u\000c\000t\000o\000r\000\040\000\046\000\040\000D\000e\000s\000t\000r\000u\000c\000t\000o\000r\000\040\000D\000o\000c\000u\000m\000e\000n\000t\000a\000t\000i\000o\000n}{section.6.13}% 174
\BOOKMARK [3][-]{subsubsection.6.13.2.1}{\376\377\000R\000t\000T\000h\000r\000e\000a\000d}{subsection.6.13.2}% 175
\BOOKMARK [3][-]{subsubsection.6.13.2.2}{\376\377\000R\000t\000T\000h\000r\000e\000a\000d}{subsection.6.13.2}% 176
\BOOKMARK [2][-]{subsection.6.13.3}{\376\377\000M\000e\000m\000b\000e\000r\000\040\000F\000u\000n\000c\000t\000i\000o\000n\000\040\000D\000o\000c\000u\000m\000e\000n\000t\000a\000t\000i\000o\000n}{section.6.13}% 177
\BOOKMARK [3][-]{subsubsection.6.13.3.1}{\376\377\000e\000x\000e\000c}{subsection.6.13.3}% 178
\BOOKMARK [3][-]{subsubsection.6.13.3.2}{\376\377\000g\000e\000t\000P\000r\000i\000o\000r\000i\000t\000y}{subsection.6.13.3}% 179
\BOOKMARK [3][-]{subsubsection.6.13.3.3}{\376\377\000g\000e\000t\000T\000h\000r\000e\000a\000d\000I\000d}{subsection.6.13.3}% 180
\BOOKMARK [3][-]{subsubsection.6.13.3.4}{\376\377\000j\000o\000i\000n}{subsection.6.13.3}% 181
\BOOKMARK [3][-]{subsubsection.6.13.3.5}{\376\377\000r\000u\000n}{subsection.6.13.3}% 182
\BOOKMARK [3][-]{subsubsection.6.13.3.6}{\376\377\000s\000t\000a\000r\000t}{subsection.6.13.3}% 183
\BOOKMARK [2][-]{subsection.6.13.4}{\376\377\000M\000e\000m\000b\000e\000r\000\040\000D\000a\000t\000a\000\040\000D\000o\000c\000u\000m\000e\000n\000t\000a\000t\000i\000o\000n}{section.6.13}% 184
\BOOKMARK [3][-]{subsubsection.6.13.4.1}{\376\377\000m\000A\000r\000g\000s}{subsection.6.13.4}% 185
\BOOKMARK [3][-]{subsubsection.6.13.4.2}{\376\377\000m\000I\000d}{subsection.6.13.4}% 186
\BOOKMARK [3][-]{subsubsection.6.13.4.3}{\376\377\000m\000S\000t\000a\000r\000t\000e\000d}{subsection.6.13.4}% 187
\BOOKMARK [1][-]{section.6.14}{\376\377\000U\000S\000U\000:\000:\000S\000c\000o\000p\000e\000d\000L\000o\000c\000k\000\040\000C\000l\000a\000s\000s\000\040\000R\000e\000f\000e\000r\000e\000n\000c\000e}{chapter.6}% 188
\BOOKMARK [2][-]{subsection.6.14.1}{\376\377\000D\000e\000t\000a\000i\000l\000e\000d\000\040\000D\000e\000s\000c\000r\000i\000p\000t\000i\000o\000n}{section.6.14}% 189
\BOOKMARK [2][-]{subsection.6.14.2}{\376\377\000C\000o\000n\000s\000t\000r\000u\000c\000t\000o\000r\000\040\000\046\000\040\000D\000e\000s\000t\000r\000u\000c\000t\000o\000r\000\040\000D\000o\000c\000u\000m\000e\000n\000t\000a\000t\000i\000o\000n}{section.6.14}% 190
\BOOKMARK [3][-]{subsubsection.6.14.2.1}{\376\377\000S\000c\000o\000p\000e\000d\000L\000o\000c\000k}{subsection.6.14.2}% 191
\BOOKMARK [3][-]{subsubsection.6.14.2.2}{\376\377\000S\000c\000o\000p\000e\000d\000L\000o\000c\000k}{subsection.6.14.2}% 192
\BOOKMARK [0][-]{chapter.7}{\376\377\000F\000i\000l\000e\000\040\000D\000o\000c\000u\000m\000e\000n\000t\000a\000t\000i\000o\000n}{}% 193
\BOOKMARK [1][-]{section.7.1}{\376\377\000k\000a\000l\000m\000a\000n\000f\000i\000l\000t\000e\000r\000.\000c\000p\000p\000\040\000F\000i\000l\000e\000\040\000R\000e\000f\000e\000r\000e\000n\000c\000e}{chapter.7}% 194
\BOOKMARK [2][-]{subsection.7.1.1}{\376\377\000D\000e\000t\000a\000i\000l\000e\000d\000\040\000D\000e\000s\000c\000r\000i\000p\000t\000i\000o\000n}{section.7.1}% 195
\BOOKMARK [1][-]{section.7.2}{\376\377\000k\000a\000l\000m\000a\000n\000f\000i\000l\000t\000e\000r\000.\000h\000\040\000F\000i\000l\000e\000\040\000R\000e\000f\000e\000r\000e\000n\000c\000e}{chapter.7}% 196
\BOOKMARK [2][-]{subsection.7.2.1}{\376\377\000D\000e\000t\000a\000i\000l\000e\000d\000\040\000D\000e\000s\000c\000r\000i\000p\000t\000i\000o\000n}{section.7.2}% 197
\BOOKMARK [1][-]{section.7.3}{\376\377\000m\000a\000i\000n\000.\000c\000p\000p\000\040\000F\000i\000l\000e\000\040\000R\000e\000f\000e\000r\000e\000n\000c\000e}{chapter.7}% 198
\BOOKMARK [2][-]{subsection.7.3.1}{\376\377\000F\000u\000n\000c\000t\000i\000o\000n\000\040\000D\000o\000c\000u\000m\000e\000n\000t\000a\000t\000i\000o\000n}{section.7.3}% 199
\BOOKMARK [3][-]{subsubsection.7.3.1.1}{\376\377\000m\000a\000i\000n}{subsection.7.3.1}% 200
\BOOKMARK [1][-]{section.7.4}{\376\377\000m\000i\000n\000i\000m\000u\000/\000e\000x\000c\000e\000p\000t\000i\000o\000n\000s\000.\000h\000\040\000F\000i\000l\000e\000\040\000R\000e\000f\000e\000r\000e\000n\000c\000e}{chapter.7}% 201
\BOOKMARK [1][-]{section.7.5}{\376\377\000m\000i\000n\000i\000m\000u\000/\000I\0002\000C\000B\000u\000s\000.\000c\000p\000p\000\040\000F\000i\000l\000e\000\040\000R\000e\000f\000e\000r\000e\000n\000c\000e}{chapter.7}% 202
\BOOKMARK [1][-]{section.7.6}{\376\377\000m\000i\000n\000i\000m\000u\000/\000I\0002\000C\000B\000u\000s\000.\000h\000\040\000F\000i\000l\000e\000\040\000R\000e\000f\000e\000r\000e\000n\000c\000e}{chapter.7}% 203
\BOOKMARK [1][-]{section.7.7}{\376\377\000m\000i\000n\000i\000m\000u\000/\000I\000M\000U\000.\000h\000\040\000F\000i\000l\000e\000\040\000R\000e\000f\000e\000r\000e\000n\000c\000e}{chapter.7}% 204
\BOOKMARK [1][-]{section.7.8}{\376\377\000m\000i\000n\000i\000m\000u\000/\000L\0003\000G\000.\000c\000p\000p\000\040\000F\000i\000l\000e\000\040\000R\000e\000f\000e\000r\000e\000n\000c\000e}{chapter.7}% 205
\BOOKMARK [2][-]{subsection.7.8.1}{\376\377\000D\000e\000f\000i\000n\000e\000\040\000D\000o\000c\000u\000m\000e\000n\000t\000a\000t\000i\000o\000n}{section.7.8}% 206
\BOOKMARK [3][-]{subsubsection.7.8.1.1}{\376\377\000L\0003\000G\0004\0002\0000\0000\000D\000\137\000A\000D\000D\000R\000E\000S\000S\000\137\000S\000A\0000\000\137\000H\000I\000G\000H}{subsection.7.8.1}% 207
\BOOKMARK [3][-]{subsubsection.7.8.1.2}{\376\377\000L\0003\000G\0004\0002\0000\0000\000D\000\137\000A\000D\000D\000R\000E\000S\000S\000\137\000S\000A\0000\000\137\000L\000O\000W}{subsection.7.8.1}% 208
\BOOKMARK [3][-]{subsubsection.7.8.1.3}{\376\377\000L\0003\000G\000D\0002\0000\000\137\000A\000D\000D\000R\000E\000S\000S\000\137\000S\000A\0000\000\137\000H\000I\000G\000H}{subsection.7.8.1}% 209
\BOOKMARK [3][-]{subsubsection.7.8.1.4}{\376\377\000L\0003\000G\000D\0002\0000\000\137\000A\000D\000D\000R\000E\000S\000S\000\137\000S\000A\0000\000\137\000L\000O\000W}{subsection.7.8.1}% 210
\BOOKMARK [1][-]{section.7.9}{\376\377\000m\000i\000n\000i\000m\000u\000/\000L\0003\000G\000.\000h\000\040\000F\000i\000l\000e\000\040\000R\000e\000f\000e\000r\000e\000n\000c\000e}{chapter.7}% 211
\BOOKMARK [2][-]{subsection.7.9.1}{\376\377\000D\000e\000f\000i\000n\000e\000\040\000D\000o\000c\000u\000m\000e\000n\000t\000a\000t\000i\000o\000n}{section.7.9}% 212
\BOOKMARK [3][-]{subsubsection.7.9.1.1}{\376\377\000L\0003\000G\000\137\000C\000T\000R\000L\000\137\000R\000E\000G\0001}{subsection.7.9.1}% 213
\BOOKMARK [3][-]{subsubsection.7.9.1.2}{\376\377\000L\0003\000G\000\137\000C\000T\000R\000L\000\137\000R\000E\000G\0002}{subsection.7.9.1}% 214
\BOOKMARK [3][-]{subsubsection.7.9.1.3}{\376\377\000L\0003\000G\000\137\000C\000T\000R\000L\000\137\000R\000E\000G\0003}{subsection.7.9.1}% 215
\BOOKMARK [3][-]{subsubsection.7.9.1.4}{\376\377\000L\0003\000G\000\137\000C\000T\000R\000L\000\137\000R\000E\000G\0004}{subsection.7.9.1}% 216
\BOOKMARK [3][-]{subsubsection.7.9.1.5}{\376\377\000L\0003\000G\000\137\000C\000T\000R\000L\000\137\000R\000E\000G\0005}{subsection.7.9.1}% 217
\BOOKMARK [3][-]{subsubsection.7.9.1.6}{\376\377\000L\0003\000G\000\137\000F\000I\000F\000O\000\137\000C\000T\000R\000L\000\137\000R\000E\000G}{subsection.7.9.1}% 218
\BOOKMARK [3][-]{subsubsection.7.9.1.7}{\376\377\000L\0003\000G\000\137\000F\000I\000F\000O\000\137\000S\000R\000C\000\137\000R\000E\000G}{subsection.7.9.1}% 219
\BOOKMARK [3][-]{subsubsection.7.9.1.8}{\376\377\000L\0003\000G\000\137\000I\000N\000T\0001\000\137\000C\000F\000G}{subsection.7.9.1}% 220
\BOOKMARK [3][-]{subsubsection.7.9.1.9}{\376\377\000L\0003\000G\000\137\000I\000N\000T\0001\000\137\000D\000U\000R\000A\000T\000I\000O\000N}{subsection.7.9.1}% 221
\BOOKMARK [3][-]{subsubsection.7.9.1.10}{\376\377\000L\0003\000G\000\137\000I\000N\000T\0001\000\137\000S\000R\000C}{subsection.7.9.1}% 222
\BOOKMARK [3][-]{subsubsection.7.9.1.11}{\376\377\000L\0003\000G\000\137\000I\000N\000T\0001\000\137\000T\000H\000S\000\137\000X\000H}{subsection.7.9.1}% 223
\BOOKMARK [3][-]{subsubsection.7.9.1.12}{\376\377\000L\0003\000G\000\137\000I\000N\000T\0001\000\137\000T\000H\000S\000\137\000X\000L}{subsection.7.9.1}% 224
\BOOKMARK [3][-]{subsubsection.7.9.1.13}{\376\377\000L\0003\000G\000\137\000I\000N\000T\0001\000\137\000T\000H\000S\000\137\000Y\000H}{subsection.7.9.1}% 225
\BOOKMARK [3][-]{subsubsection.7.9.1.14}{\376\377\000L\0003\000G\000\137\000I\000N\000T\0001\000\137\000T\000H\000S\000\137\000Y\000L}{subsection.7.9.1}% 226
\BOOKMARK [3][-]{subsubsection.7.9.1.15}{\376\377\000L\0003\000G\000\137\000I\000N\000T\0001\000\137\000T\000H\000S\000\137\000Z\000H}{subsection.7.9.1}% 227
\BOOKMARK [3][-]{subsubsection.7.9.1.16}{\376\377\000L\0003\000G\000\137\000I\000N\000T\0001\000\137\000T\000H\000S\000\137\000Z\000L}{subsection.7.9.1}% 228
\BOOKMARK [3][-]{subsubsection.7.9.1.17}{\376\377\000L\0003\000G\000\137\000O\000U\000T\000\137\000T\000E\000M\000P}{subsection.7.9.1}% 229
\BOOKMARK [3][-]{subsubsection.7.9.1.18}{\376\377\000L\0003\000G\000\137\000O\000U\000T\000\137\000X\000\137\000H}{subsection.7.9.1}% 230
\BOOKMARK [3][-]{subsubsection.7.9.1.19}{\376\377\000L\0003\000G\000\137\000O\000U\000T\000\137\000X\000\137\000L}{subsection.7.9.1}% 231
\BOOKMARK [3][-]{subsubsection.7.9.1.20}{\376\377\000L\0003\000G\000\137\000O\000U\000T\000\137\000Y\000\137\000H}{subsection.7.9.1}% 232
\BOOKMARK [3][-]{subsubsection.7.9.1.21}{\376\377\000L\0003\000G\000\137\000O\000U\000T\000\137\000Y\000\137\000L}{subsection.7.9.1}% 233
\BOOKMARK [3][-]{subsubsection.7.9.1.22}{\376\377\000L\0003\000G\000\137\000O\000U\000T\000\137\000Z\000\137\000H}{subsection.7.9.1}% 234
\BOOKMARK [3][-]{subsubsection.7.9.1.23}{\376\377\000L\0003\000G\000\137\000O\000U\000T\000\137\000Z\000\137\000L}{subsection.7.9.1}% 235
\BOOKMARK [3][-]{subsubsection.7.9.1.24}{\376\377\000L\0003\000G\000\137\000R\000E\000F\000E\000R\000E\000N\000C\000E}{subsection.7.9.1}% 236
\BOOKMARK [3][-]{subsubsection.7.9.1.25}{\376\377\000L\0003\000G\000\137\000S\000T\000A\000T\000U\000S\000\137\000R\000E\000G}{subsection.7.9.1}% 237
\BOOKMARK [3][-]{subsubsection.7.9.1.26}{\376\377\000L\0003\000G\000\137\000W\000H\000O\000\137\000A\000M\000\137\000I}{subsection.7.9.1}% 238
\BOOKMARK [1][-]{section.7.10}{\376\377\000m\000i\000n\000i\000m\000u\000/\000L\000S\000M\0003\0000\0003\000.\000c\000p\000p\000\040\000F\000i\000l\000e\000\040\000R\000e\000f\000e\000r\000e\000n\000c\000e}{chapter.7}% 239
\BOOKMARK [2][-]{subsection.7.10.1}{\376\377\000D\000e\000f\000i\000n\000e\000\040\000D\000o\000c\000u\000m\000e\000n\000t\000a\000t\000i\000o\000n}{section.7.10}% 240
\BOOKMARK [3][-]{subsubsection.7.10.1.1}{\376\377\000A\000C\000C\000\137\000A\000D\000D\000R\000E\000S\000S\000\137\000S\000A\0000\000\137\000A\000\137\000H\000I\000G\000H}{subsection.7.10.1}% 241
\BOOKMARK [3][-]{subsubsection.7.10.1.2}{\376\377\000A\000C\000C\000\137\000A\000D\000D\000R\000E\000S\000S\000\137\000S\000A\0000\000\137\000A\000\137\000L\000O\000W}{subsection.7.10.1}% 242
\BOOKMARK [3][-]{subsubsection.7.10.1.3}{\376\377\000M\000A\000G\000\137\000A\000D\000D\000R\000E\000S\000S}{subsection.7.10.1}% 243
\BOOKMARK [1][-]{section.7.11}{\376\377\000m\000i\000n\000i\000m\000u\000/\000L\000S\000M\0003\0000\0003\000.\000h\000\040\000F\000i\000l\000e\000\040\000R\000e\000f\000e\000r\000e\000n\000c\000e}{chapter.7}% 244
\BOOKMARK [2][-]{subsection.7.11.1}{\376\377\000D\000e\000f\000i\000n\000e\000\040\000D\000o\000c\000u\000m\000e\000n\000t\000a\000t\000i\000o\000n}{section.7.11}% 245
\BOOKMARK [3][-]{subsubsection.7.11.1.1}{\376\377\000L\000S\000M\0003\0000\0003\000\137\000C\000L\000I\000C\000K\000\137\000C\000F\000G\000\137\000A}{subsection.7.11.1}% 246
\BOOKMARK [3][-]{subsubsection.7.11.1.2}{\376\377\000L\000S\000M\0003\0000\0003\000\137\000C\000L\000I\000C\000K\000\137\000S\000R\000C\000\137\000A}{subsection.7.11.1}% 247
\BOOKMARK [3][-]{subsubsection.7.11.1.3}{\376\377\000L\000S\000M\0003\0000\0003\000\137\000C\000L\000I\000C\000K\000\137\000T\000H\000S\000\137\000A}{subsection.7.11.1}% 248
\BOOKMARK [3][-]{subsubsection.7.11.1.4}{\376\377\000L\000S\000M\0003\0000\0003\000\137\000C\000R\000A\000\137\000R\000E\000G\000\137\000M}{subsection.7.11.1}% 249
\BOOKMARK [3][-]{subsubsection.7.11.1.5}{\376\377\000L\000S\000M\0003\0000\0003\000\137\000C\000R\000B\000\137\000R\000E\000G\000\137\000M}{subsection.7.11.1}% 250
\BOOKMARK [3][-]{subsubsection.7.11.1.6}{\376\377\000L\000S\000M\0003\0000\0003\000\137\000C\000T\000R\000L\000\137\000R\000E\000G\0001\000\137\000A}{subsection.7.11.1}% 251
\BOOKMARK [3][-]{subsubsection.7.11.1.7}{\376\377\000L\000S\000M\0003\0000\0003\000\137\000C\000T\000R\000L\000\137\000R\000E\000G\0002\000\137\000A}{subsection.7.11.1}% 252
\BOOKMARK [3][-]{subsubsection.7.11.1.8}{\376\377\000L\000S\000M\0003\0000\0003\000\137\000C\000T\000R\000L\000\137\000R\000E\000G\0003\000\137\000A}{subsection.7.11.1}% 253
\BOOKMARK [3][-]{subsubsection.7.11.1.9}{\376\377\000L\000S\000M\0003\0000\0003\000\137\000C\000T\000R\000L\000\137\000R\000E\000G\0004\000\137\000A}{subsection.7.11.1}% 254
\BOOKMARK [3][-]{subsubsection.7.11.1.10}{\376\377\000L\000S\000M\0003\0000\0003\000\137\000C\000T\000R\000L\000\137\000R\000E\000G\0005\000\137\000A}{subsection.7.11.1}% 255
\BOOKMARK [3][-]{subsubsection.7.11.1.11}{\376\377\000L\000S\000M\0003\0000\0003\000\137\000C\000T\000R\000L\000\137\000R\000E\000G\0006\000\137\000A}{subsection.7.11.1}% 256
\BOOKMARK [3][-]{subsubsection.7.11.1.12}{\376\377\000L\000S\000M\0003\0000\0003\000\137\000F\000I\000F\000O\000\137\000C\000T\000R\000L\000\137\000R\000E\000G\000\137\000A}{subsection.7.11.1}% 257
\BOOKMARK [3][-]{subsubsection.7.11.1.13}{\376\377\000L\000S\000M\0003\0000\0003\000\137\000F\000I\000F\000O\000\137\000S\000R\000C\000\137\000R\000E\000G\000\137\000A}{subsection.7.11.1}% 258
\BOOKMARK [3][-]{subsubsection.7.11.1.14}{\376\377\000L\000S\000M\0003\0000\0003\000\137\000H\000P\000\137\000F\000I\000L\000T\000E\000R\000\137\000R\000E\000S\000E\000T\000\137\000A}{subsection.7.11.1}% 259
\BOOKMARK [3][-]{subsubsection.7.11.1.15}{\376\377\000L\000S\000M\0003\0000\0003\000\137\000I\000N\000T\0001\000\137\000C\000F\000G\000\137\000A}{subsection.7.11.1}% 260
\BOOKMARK [3][-]{subsubsection.7.11.1.16}{\376\377\000L\000S\000M\0003\0000\0003\000\137\000I\000N\000T\0001\000\137\000D\000U\000R\000A\000T\000I\000O\000N\000\137\000A}{subsection.7.11.1}% 261
\BOOKMARK [3][-]{subsubsection.7.11.1.17}{\376\377\000L\000S\000M\0003\0000\0003\000\137\000I\000N\000T\0001\000\137\000S\000R\000C\000\137\000A}{subsection.7.11.1}% 262
\BOOKMARK [3][-]{subsubsection.7.11.1.18}{\376\377\000L\000S\000M\0003\0000\0003\000\137\000I\000N\000T\0001\000\137\000T\000H\000S\000\137\000A}{subsection.7.11.1}% 263
\BOOKMARK [3][-]{subsubsection.7.11.1.19}{\376\377\000L\000S\000M\0003\0000\0003\000\137\000I\000N\000T\0002\000\137\000C\000F\000G\000\137\000A}{subsection.7.11.1}% 264
\BOOKMARK [3][-]{subsubsection.7.11.1.20}{\376\377\000L\000S\000M\0003\0000\0003\000\137\000I\000N\000T\0002\000\137\000D\000U\000R\000A\000T\000I\000O\000N\000\137\000A}{subsection.7.11.1}% 265
\BOOKMARK [3][-]{subsubsection.7.11.1.21}{\376\377\000L\000S\000M\0003\0000\0003\000\137\000I\000N\000T\0002\000\137\000S\000R\000C\000\137\000A}{subsection.7.11.1}% 266
\BOOKMARK [3][-]{subsubsection.7.11.1.22}{\376\377\000L\000S\000M\0003\0000\0003\000\137\000I\000N\000T\0002\000\137\000T\000H\000S\000\137\000A}{subsection.7.11.1}% 267
\BOOKMARK [3][-]{subsubsection.7.11.1.23}{\376\377\000L\000S\000M\0003\0000\0003\000\137\000I\000R\000A\000\137\000R\000E\000G\000\137\000M}{subsection.7.11.1}% 268
\BOOKMARK [3][-]{subsubsection.7.11.1.24}{\376\377\000L\000S\000M\0003\0000\0003\000\137\000I\000R\000B\000\137\000R\000E\000G\000\137\000M}{subsection.7.11.1}% 269
\BOOKMARK [3][-]{subsubsection.7.11.1.25}{\376\377\000L\000S\000M\0003\0000\0003\000\137\000I\000R\000C\000\137\000R\000E\000G\000\137\000M}{subsection.7.11.1}% 270
\BOOKMARK [3][-]{subsubsection.7.11.1.26}{\376\377\000L\000S\000M\0003\0000\0003\000\137\000M\000R\000\137\000R\000E\000G\000\137\000M}{subsection.7.11.1}% 271
\BOOKMARK [3][-]{subsubsection.7.11.1.27}{\376\377\000L\000S\000M\0003\0000\0003\000\137\000O\000U\000T\000\137\000X\000\137\000H\000\137\000A}{subsection.7.11.1}% 272
\BOOKMARK [3][-]{subsubsection.7.11.1.28}{\376\377\000L\000S\000M\0003\0000\0003\000\137\000O\000U\000T\000\137\000X\000\137\000H\000\137\000M}{subsection.7.11.1}% 273
\BOOKMARK [3][-]{subsubsection.7.11.1.29}{\376\377\000L\000S\000M\0003\0000\0003\000\137\000O\000U\000T\000\137\000X\000\137\000L\000\137\000A}{subsection.7.11.1}% 274
\BOOKMARK [3][-]{subsubsection.7.11.1.30}{\376\377\000L\000S\000M\0003\0000\0003\000\137\000O\000U\000T\000\137\000X\000\137\000L\000\137\000M}{subsection.7.11.1}% 275
\BOOKMARK [3][-]{subsubsection.7.11.1.31}{\376\377\000L\000S\000M\0003\0000\0003\000\137\000O\000U\000T\000\137\000Y\000\137\000H\000\137\000A}{subsection.7.11.1}% 276
\BOOKMARK [3][-]{subsubsection.7.11.1.32}{\376\377\000L\000S\000M\0003\0000\0003\000\137\000O\000U\000T\000\137\000Y\000\137\000H\000\137\000M}{subsection.7.11.1}% 277
\BOOKMARK [3][-]{subsubsection.7.11.1.33}{\376\377\000L\000S\000M\0003\0000\0003\000\137\000O\000U\000T\000\137\000Y\000\137\000L\000\137\000A}{subsection.7.11.1}% 278
\BOOKMARK [3][-]{subsubsection.7.11.1.34}{\376\377\000L\000S\000M\0003\0000\0003\000\137\000O\000U\000T\000\137\000Y\000\137\000L\000\137\000M}{subsection.7.11.1}% 279
\BOOKMARK [3][-]{subsubsection.7.11.1.35}{\376\377\000L\000S\000M\0003\0000\0003\000\137\000O\000U\000T\000\137\000Z\000\137\000H\000\137\000A}{subsection.7.11.1}% 280
\BOOKMARK [3][-]{subsubsection.7.11.1.36}{\376\377\000L\000S\000M\0003\0000\0003\000\137\000O\000U\000T\000\137\000Z\000\137\000H\000\137\000M}{subsection.7.11.1}% 281
\BOOKMARK [3][-]{subsubsection.7.11.1.37}{\376\377\000L\000S\000M\0003\0000\0003\000\137\000O\000U\000T\000\137\000Z\000\137\000L\000\137\000A}{subsection.7.11.1}% 282
\BOOKMARK [3][-]{subsubsection.7.11.1.38}{\376\377\000L\000S\000M\0003\0000\0003\000\137\000O\000U\000T\000\137\000Z\000\137\000L\000\137\000M}{subsection.7.11.1}% 283
\BOOKMARK [3][-]{subsubsection.7.11.1.39}{\376\377\000L\000S\000M\0003\0000\0003\000\137\000R\000E\000F\000E\000R\000E\000N\000C\000E\000\137\000A}{subsection.7.11.1}% 284
\BOOKMARK [3][-]{subsubsection.7.11.1.40}{\376\377\000L\000S\000M\0003\0000\0003\000\137\000S\000R\000\137\000R\000E\000G\000\137\000M}{subsection.7.11.1}% 285
\BOOKMARK [3][-]{subsubsection.7.11.1.41}{\376\377\000L\000S\000M\0003\0000\0003\000\137\000S\000T\000A\000T\000U\000S\000\137\000R\000E\000G\000\137\000A}{subsection.7.11.1}% 286
\BOOKMARK [3][-]{subsubsection.7.11.1.42}{\376\377\000L\000S\000M\0003\0000\0003\000\137\000T\000E\000M\000P\000\137\000O\000U\000T\000\137\000H\000\137\000M}{subsection.7.11.1}% 287
\BOOKMARK [3][-]{subsubsection.7.11.1.43}{\376\377\000L\000S\000M\0003\0000\0003\000\137\000T\000E\000M\000P\000\137\000O\000U\000T\000\137\000L\000\137\000M}{subsection.7.11.1}% 288
\BOOKMARK [3][-]{subsubsection.7.11.1.44}{\376\377\000L\000S\000M\0003\0000\0003\000\137\000T\000I\000M\000E\000\137\000L\000A\000T\000E\000N\000C\000Y\000\137\000A}{subsection.7.11.1}% 289
\BOOKMARK [3][-]{subsubsection.7.11.1.45}{\376\377\000L\000S\000M\0003\0000\0003\000\137\000T\000I\000M\000E\000\137\000L\000I\000M\000I\000T\000\137\000A}{subsection.7.11.1}% 290
\BOOKMARK [3][-]{subsubsection.7.11.1.46}{\376\377\000L\000S\000M\0003\0000\0003\000\137\000T\000I\000M\000E\000\137\000W\000I\000N\000D\000O\000W\000\137\000A}{subsection.7.11.1}% 291
\BOOKMARK [3][-]{subsubsection.7.11.1.47}{\376\377\000L\000S\000M\0003\0000\0003\000\137\000W\000H\000O\000\137\000A\000M\000\137\000I\000\137\000M}{subsection.7.11.1}% 292
\BOOKMARK [3][-]{subsubsection.7.11.1.48}{\376\377\000L\000S\000M\0003\0000\0003\000D\000L\000H\000\137\000O\000U\000T\000\137\000Y\000\137\000H\000\137\000M}{subsection.7.11.1}% 293
\BOOKMARK [3][-]{subsubsection.7.11.1.49}{\376\377\000L\000S\000M\0003\0000\0003\000D\000L\000H\000\137\000O\000U\000T\000\137\000Y\000\137\000L\000\137\000M}{subsection.7.11.1}% 294
\BOOKMARK [3][-]{subsubsection.7.11.1.50}{\376\377\000L\000S\000M\0003\0000\0003\000D\000L\000H\000\137\000O\000U\000T\000\137\000Z\000\137\000H\000\137\000M}{subsection.7.11.1}% 295
\BOOKMARK [3][-]{subsubsection.7.11.1.51}{\376\377\000L\000S\000M\0003\0000\0003\000D\000L\000H\000\137\000O\000U\000T\000\137\000Z\000\137\000L\000\137\000M}{subsection.7.11.1}% 296
\BOOKMARK [3][-]{subsubsection.7.11.1.52}{\376\377\000L\000S\000M\0003\0000\0003\000D\000L\000H\000C\000\137\000O\000U\000T\000\137\000Z\000\137\000H\000\137\000M}{subsection.7.11.1}% 297
\BOOKMARK [3][-]{subsubsection.7.11.1.53}{\376\377\000L\000S\000M\0003\0000\0003\000D\000L\000H\000C\000\137\000O\000U\000T\000\137\000Z\000\137\000L\000\137\000M}{subsection.7.11.1}% 298
\BOOKMARK [3][-]{subsubsection.7.11.1.54}{\376\377\000L\000S\000M\0003\0000\0003\000D\000L\000M\000\137\000O\000U\000T\000\137\000Y\000\137\000H\000\137\000M}{subsection.7.11.1}% 299
\BOOKMARK [3][-]{subsubsection.7.11.1.55}{\376\377\000L\000S\000M\0003\0000\0003\000D\000L\000M\000\137\000O\000U\000T\000\137\000Y\000\137\000L\000\137\000M}{subsection.7.11.1}% 300
\BOOKMARK [3][-]{subsubsection.7.11.1.56}{\376\377\000L\000S\000M\0003\0000\0003\000D\000L\000M\000\137\000O\000U\000T\000\137\000Z\000\137\000H\000\137\000M}{subsection.7.11.1}% 301
\BOOKMARK [3][-]{subsubsection.7.11.1.57}{\376\377\000L\000S\000M\0003\0000\0003\000D\000L\000M\000\137\000O\000U\000T\000\137\000Z\000\137\000L\000\137\000M}{subsection.7.11.1}% 302
\BOOKMARK [1][-]{section.7.12}{\376\377\000m\000i\000n\000i\000m\000u\000/\000m\000i\000n\000i\000m\000u\000.\000c\000p\000p\000\040\000F\000i\000l\000e\000\040\000R\000e\000f\000e\000r\000e\000n\000c\000e}{chapter.7}% 303
\BOOKMARK [1][-]{section.7.13}{\376\377\000m\000i\000n\000i\000m\000u\000/\000m\000i\000n\000i\000m\000u\000.\000h\000\040\000F\000i\000l\000e\000\040\000R\000e\000f\000e\000r\000e\000n\000c\000e}{chapter.7}% 304
\BOOKMARK [1][-]{section.7.14}{\376\377\000m\000i\000n\000i\000m\000u\000/\000v\000e\000c\000t\000o\000r\000.\000h\000\040\000F\000i\000l\000e\000\040\000R\000e\000f\000e\000r\000e\000n\000c\000e}{chapter.7}% 305
\BOOKMARK [2][-]{subsection.7.14.1}{\376\377\000T\000y\000p\000e\000d\000e\000f\000\040\000D\000o\000c\000u\000m\000e\000n\000t\000a\000t\000i\000o\000n}{section.7.14}% 306
\BOOKMARK [3][-]{subsubsection.7.14.1.1}{\376\377\000i\000n\000t\000\137\000v\000e\000c\000t\000o\000r}{subsection.7.14.1}% 307
\BOOKMARK [3][-]{subsubsection.7.14.1.2}{\376\377\000m\000a\000t\000r\000i\000x}{subsection.7.14.1}% 308
\BOOKMARK [3][-]{subsubsection.7.14.1.3}{\376\377\000q\000u\000a\000t\000e\000r\000n\000i\000o\000n}{subsection.7.14.1}% 309
\BOOKMARK [3][-]{subsubsection.7.14.1.4}{\376\377\000v\000e\000c\000t\000o\000r}{subsection.7.14.1}% 310
\BOOKMARK [1][-]{section.7.15}{\376\377\000m\000o\000t\000o\000r\000c\000o\000n\000t\000r\000o\000l\000.\000c\000p\000p\000\040\000F\000i\000l\000e\000\040\000R\000e\000f\000e\000r\000e\000n\000c\000e}{chapter.7}% 311
\BOOKMARK [2][-]{subsection.7.15.1}{\376\377\000D\000e\000t\000a\000i\000l\000e\000d\000\040\000D\000e\000s\000c\000r\000i\000p\000t\000i\000o\000n}{section.7.15}% 312
\BOOKMARK [1][-]{section.7.16}{\376\377\000m\000o\000t\000o\000r\000c\000o\000n\000t\000r\000o\000l\000.\000h\000\040\000F\000i\000l\000e\000\040\000R\000e\000f\000e\000r\000e\000n\000c\000e}{chapter.7}% 313
\BOOKMARK [2][-]{subsection.7.16.1}{\376\377\000D\000e\000t\000a\000i\000l\000e\000d\000\040\000D\000e\000s\000c\000r\000i\000p\000t\000i\000o\000n}{section.7.16}% 314
\BOOKMARK [1][-]{section.7.17}{\376\377\000p\000w\000m\000/\000B\000e\000a\000g\000l\000e\000\137\000G\000P\000I\000O\000.\000c\000p\000p\000\040\000F\000i\000l\000e\000\040\000R\000e\000f\000e\000r\000e\000n\000c\000e}{chapter.7}% 315
\BOOKMARK [1][-]{section.7.18}{\376\377\000p\000w\000m\000/\000B\000e\000a\000g\000l\000e\000\137\000G\000P\000I\000O\000.\000h\000\040\000F\000i\000l\000e\000\040\000R\000e\000f\000e\000r\000e\000n\000c\000e}{chapter.7}% 316
\BOOKMARK [2][-]{subsection.7.18.1}{\376\377\000D\000e\000f\000i\000n\000e\000\040\000D\000o\000c\000u\000m\000e\000n\000t\000a\000t\000i\000o\000n}{section.7.18}% 317
\BOOKMARK [3][-]{subsubsection.7.18.1.1}{\376\377\000a\000s\000s\000e\000r\000t}{subsection.7.18.1}% 318
\BOOKMARK [3][-]{subsubsection.7.18.1.2}{\376\377\000B\000E\000A\000G\000L\000E\000\137\000G\000P\000I\000O\000\137\000D\000E\000B\000U\000G}{subsection.7.18.1}% 319
\BOOKMARK [3][-]{subsubsection.7.18.1.3}{\376\377\000G\000P\000I\000O\000\137\000E\000R\000R\000O\000R}{subsection.7.18.1}% 320
\BOOKMARK [3][-]{subsubsection.7.18.1.4}{\376\377\000G\000P\000I\000O\000\137\000P\000R\000I\000N\000T}{subsection.7.18.1}% 321
\BOOKMARK [1][-]{section.7.19}{\376\377\000p\000w\000m\000/\000c\000P\000W\000M\000.\000c\000p\000p\000\040\000F\000i\000l\000e\000\040\000R\000e\000f\000e\000r\000e\000n\000c\000e}{chapter.7}% 322
\BOOKMARK [2][-]{subsection.7.19.1}{\376\377\000D\000e\000t\000a\000i\000l\000e\000d\000\040\000D\000e\000s\000c\000r\000i\000p\000t\000i\000o\000n}{section.7.19}% 323
\BOOKMARK [1][-]{section.7.20}{\376\377\000p\000w\000m\000/\000c\000P\000W\000M\000.\000h\000\040\000F\000i\000l\000e\000\040\000R\000e\000f\000e\000r\000e\000n\000c\000e}{chapter.7}% 324
\BOOKMARK [2][-]{subsection.7.20.1}{\376\377\000D\000e\000t\000a\000i\000l\000e\000d\000\040\000D\000e\000s\000c\000r\000i\000p\000t\000i\000o\000n}{section.7.20}% 325
\BOOKMARK [2][-]{subsection.7.20.2}{\376\377\000D\000e\000f\000i\000n\000e\000\040\000D\000o\000c\000u\000m\000e\000n\000t\000a\000t\000i\000o\000n}{section.7.20}% 326
\BOOKMARK [3][-]{subsubsection.7.20.2.1}{\376\377\000S\000Y\000S\000F\000S\000\137\000E\000H\000R\000P\000W\000M\000\137\000D\000U\000T\000Y\000\137\000N\000S}{subsection.7.20.2}% 327
\BOOKMARK [3][-]{subsubsection.7.20.2.2}{\376\377\000S\000Y\000S\000F\000S\000\137\000E\000H\000R\000P\000W\000M\000\137\000D\000U\000T\000Y\000\137\000P\000E\000R\000C\000E\000N\000T}{subsection.7.20.2}% 328
\BOOKMARK [3][-]{subsubsection.7.20.2.3}{\376\377\000S\000Y\000S\000F\000S\000\137\000E\000H\000R\000P\000W\000M\000\137\000P\000E\000R\000I\000O\000D\000\137\000F\000R\000E\000Q}{subsection.7.20.2}% 329
\BOOKMARK [3][-]{subsubsection.7.20.2.4}{\376\377\000S\000Y\000S\000F\000S\000\137\000E\000H\000R\000P\000W\000M\000\137\000P\000E\000R\000I\000O\000D\000\137\000N\000S}{subsection.7.20.2}% 330
\BOOKMARK [3][-]{subsubsection.7.20.2.5}{\376\377\000S\000Y\000S\000F\000S\000\137\000E\000H\000R\000P\000W\000M\000\137\000P\000O\000L\000A\000R\000I\000T\000Y}{subsection.7.20.2}% 331
\BOOKMARK [3][-]{subsubsection.7.20.2.6}{\376\377\000S\000Y\000S\000F\000S\000\137\000E\000H\000R\000P\000W\000M\000\137\000P\000R\000E\000F\000I\000X}{subsection.7.20.2}% 332
\BOOKMARK [3][-]{subsubsection.7.20.2.7}{\376\377\000S\000Y\000S\000F\000S\000\137\000E\000H\000R\000P\000W\000M\000\137\000R\000E\000Q\000U\000E\000S\000T}{subsection.7.20.2}% 333
\BOOKMARK [3][-]{subsubsection.7.20.2.8}{\376\377\000S\000Y\000S\000F\000S\000\137\000E\000H\000R\000P\000W\000M\000\137\000R\000U\000N}{subsection.7.20.2}% 334
\BOOKMARK [3][-]{subsubsection.7.20.2.9}{\376\377\000S\000Y\000S\000F\000S\000\137\000E\000H\000R\000P\000W\000M\000\137\000S\000U\000F\000F\000I\000X\000\137\000A}{subsection.7.20.2}% 335
\BOOKMARK [3][-]{subsubsection.7.20.2.10}{\376\377\000S\000Y\000S\000F\000S\000\137\000E\000H\000R\000P\000W\000M\000\137\000S\000U\000F\000F\000I\000X\000\137\000B}{subsection.7.20.2}% 336
\BOOKMARK [1][-]{section.7.21}{\376\377\000p\000w\000m\000/\000m\000o\000t\000o\000r\000.\000c\000p\000p\000\040\000F\000i\000l\000e\000\040\000R\000e\000f\000e\000r\000e\000n\000c\000e}{chapter.7}% 337
\BOOKMARK [2][-]{subsection.7.21.1}{\376\377\000D\000e\000t\000a\000i\000l\000e\000d\000\040\000D\000e\000s\000c\000r\000i\000p\000t\000i\000o\000n}{section.7.21}% 338
\BOOKMARK [1][-]{section.7.22}{\376\377\000p\000w\000m\000/\000m\000o\000t\000o\000r\000.\000h\000\040\000F\000i\000l\000e\000\040\000R\000e\000f\000e\000r\000e\000n\000c\000e}{chapter.7}% 339
\BOOKMARK [2][-]{subsection.7.22.1}{\376\377\000D\000e\000t\000a\000i\000l\000e\000d\000\040\000D\000e\000s\000c\000r\000i\000p\000t\000i\000o\000n}{section.7.22}% 340
\BOOKMARK [2][-]{subsection.7.22.2}{\376\377\000T\000y\000p\000e\000d\000e\000f\000\040\000D\000o\000c\000u\000m\000e\000n\000t\000a\000t\000i\000o\000n}{section.7.22}% 341
\BOOKMARK [3][-]{subsubsection.7.22.2.1}{\376\377\000S\000e\000t\000D\000u\000t\000y\000C\000y\000l\000e}{subsection.7.22.2}% 342
\BOOKMARK [1][-]{section.7.23}{\376\377\000p\000w\000m\000/\000s\000e\000t\000P\000W\000M\000.\000c\000\040\000F\000i\000l\000e\000\040\000R\000e\000f\000e\000r\000e\000n\000c\000e}{chapter.7}% 343
\BOOKMARK [2][-]{subsection.7.23.1}{\376\377\000D\000e\000f\000i\000n\000e\000\040\000D\000o\000c\000u\000m\000e\000n\000t\000a\000t\000i\000o\000n}{section.7.23}% 344
\BOOKMARK [3][-]{subsubsection.7.23.1.1}{\376\377\000C\000M\000\137\000P\000E\000R\000\137\000E\000P\000W\000M\000S\000S\0000\000\137\000C\000L\000K\000C\000T\000R\000L\000\137\000O\000F\000F\000S\000E\000T}{subsection.7.23.1}% 345
\BOOKMARK [3][-]{subsubsection.7.23.1.2}{\376\377\000C\000M\000\137\000P\000E\000R\000\137\000E\000P\000W\000M\000S\000S\0001\000\137\000C\000L\000K\000C\000T\000R\000L\000\137\000O\000F\000F\000S\000E\000T}{subsection.7.23.1}% 346
\BOOKMARK [3][-]{subsubsection.7.23.1.3}{\376\377\000C\000M\000\137\000P\000E\000R\000\137\000E\000P\000W\000M\000S\000S\0002\000\137\000C\000L\000K\000C\000T\000R\000L\000\137\000O\000F\000F\000S\000E\000T}{subsection.7.23.1}% 347
\BOOKMARK [3][-]{subsubsection.7.23.1.4}{\376\377\000C\000M\000\137\000P\000E\000R\000\137\000R\000E\000G\000\137\000L\000E\000N\000G\000T\000H}{subsection.7.23.1}% 348
\BOOKMARK [3][-]{subsubsection.7.23.1.5}{\376\377\000C\000M\000\137\000P\000E\000R\000\137\000R\000E\000G\000\137\000S\000T\000A\000R\000T}{subsection.7.23.1}% 349
\BOOKMARK [3][-]{subsubsection.7.23.1.6}{\376\377\000P\000W\000M\000\137\000C\000L\000O\000C\000K\000\137\000D\000I\000S\000A\000B\000L\000E}{subsection.7.23.1}% 350
\BOOKMARK [3][-]{subsubsection.7.23.1.7}{\376\377\000P\000W\000M\000\137\000C\000L\000O\000C\000K\000\137\000E\000N\000A\000B\000L\000E}{subsection.7.23.1}% 351
\BOOKMARK [3][-]{subsubsection.7.23.1.8}{\376\377\000P\000W\000M\000\137\000L\000I\000S\000T\000\137\000M\000A\000X}{subsection.7.23.1}% 352
\BOOKMARK [2][-]{subsection.7.23.2}{\376\377\000F\000u\000n\000c\000t\000i\000o\000n\000\040\000D\000o\000c\000u\000m\000e\000n\000t\000a\000t\000i\000o\000n}{section.7.23}% 353
\BOOKMARK [3][-]{subsubsection.7.23.2.1}{\376\377\000m\000a\000i\000n}{subsection.7.23.2}% 354
\BOOKMARK [3][-]{subsubsection.7.23.2.2}{\376\377\000p\000r\000i\000n\000t\000\137\000u\000s\000a\000g\000e}{subsection.7.23.2}% 355
\BOOKMARK [2][-]{subsection.7.23.3}{\376\377\000V\000a\000r\000i\000a\000b\000l\000e\000\040\000D\000o\000c\000u\000m\000e\000n\000t\000a\000t\000i\000o\000n}{section.7.23}% 356
\BOOKMARK [3][-]{subsubsection.7.23.3.1}{\376\377\000P\000W\000M\000\137\000O\000F\000F\000S\000E\000T\000S}{subsection.7.23.3}% 357
\BOOKMARK [1][-]{section.7.24}{\376\377\000p\000w\000m\000/\000s\000e\000t\000P\000W\000M\000R\000e\000g\000.\000p\000y\000\040\000F\000i\000l\000e\000\040\000R\000e\000f\000e\000r\000e\000n\000c\000e}{chapter.7}% 358
\BOOKMARK [1][-]{section.7.25}{\376\377\000t\000h\000r\000e\000a\000d\000i\000n\000g\000/\000L\000o\000c\000k\000.\000h\000\040\000F\000i\000l\000e\000\040\000R\000e\000f\000e\000r\000e\000n\000c\000e}{chapter.7}% 359
\BOOKMARK [2][-]{subsection.7.25.1}{\376\377\000D\000e\000t\000a\000i\000l\000e\000d\000\040\000D\000e\000s\000c\000r\000i\000p\000t\000i\000o\000n}{section.7.25}% 360
\BOOKMARK [1][-]{section.7.26}{\376\377\000t\000h\000r\000e\000a\000d\000i\000n\000g\000/\000p\000e\000r\000i\000o\000d\000i\000c\000r\000t\000t\000h\000r\000e\000a\000d\000.\000c\000p\000p\000\040\000F\000i\000l\000e\000\040\000R\000e\000f\000e\000r\000e\000n\000c\000e}{chapter.7}% 361
\BOOKMARK [2][-]{subsection.7.26.1}{\376\377\000D\000e\000t\000a\000i\000l\000e\000d\000\040\000D\000e\000s\000c\000r\000i\000p\000t\000i\000o\000n}{section.7.26}% 362
\BOOKMARK [1][-]{section.7.27}{\376\377\000t\000h\000r\000e\000a\000d\000i\000n\000g\000/\000p\000e\000r\000i\000o\000d\000i\000c\000r\000t\000t\000h\000r\000e\000a\000d\000.\000h\000\040\000F\000i\000l\000e\000\040\000R\000e\000f\000e\000r\000e\000n\000c\000e}{chapter.7}% 363
\BOOKMARK [2][-]{subsection.7.27.1}{\376\377\000D\000e\000t\000a\000i\000l\000e\000d\000\040\000D\000e\000s\000c\000r\000i\000p\000t\000i\000o\000n}{section.7.27}% 364
\BOOKMARK [1][-]{section.7.28}{\376\377\000t\000h\000r\000e\000a\000d\000i\000n\000g\000/\000R\000t\000T\000h\000r\000e\000a\000d\000.\000c\000p\000p\000\040\000F\000i\000l\000e\000\040\000R\000e\000f\000e\000r\000e\000n\000c\000e}{chapter.7}% 365
\BOOKMARK [2][-]{subsection.7.28.1}{\376\377\000D\000e\000t\000a\000i\000l\000e\000d\000\040\000D\000e\000s\000c\000r\000i\000p\000t\000i\000o\000n}{section.7.28}% 366
\BOOKMARK [1][-]{section.7.29}{\376\377\000t\000h\000r\000e\000a\000d\000i\000n\000g\000/\000R\000t\000T\000h\000r\000e\000a\000d\000.\000h\000\040\000F\000i\000l\000e\000\040\000R\000e\000f\000e\000r\000e\000n\000c\000e}{chapter.7}% 367
\BOOKMARK [2][-]{subsection.7.29.1}{\376\377\000D\000e\000t\000a\000i\000l\000e\000d\000\040\000D\000e\000s\000c\000r\000i\000p\000t\000i\000o\000n}{section.7.29}% 368
